#############################################
#           q u a n t i N E M O 2           #
#   version 0.9.0 [Oct 17 2017; 14:28:01]   #
#                                           #
#              Simulation log               #
# simulation started on 23-10-2017 10:31:18 #
#              (log as input)               #
#############################################


## simulation
_settings_file ./my_simulation.ini
folder ./my_simulation
seed 

## metapop
generations 1000
patch_capacity 100


#############################################
#  simulation ended on 23-10-2017 10:31:19  #
#                                           #
#  duration of the simulation was 00:00:01  #
#############################################
